<?xml version="1.0" encoding="UTF-8"?>
<!-- Generated by org.testng.reporters.JUnitReportReporter -->
<testsuite hostname="DESKTOP-SP559S6" failures="0" tests="5" name="com.oleti.tests.CheckOutCart" time="103.993" errors="0" timestamp="2021-09-05T15:22:08 ICT" skipped="0">
  <testcase classname="com.oleti.tests.CheckOutCart" name="addProduct4455ScreenSizeToCart" time="31.855"/>
  <system-out/>
  <testcase classname="com.oleti.tests.CheckOutCart" name="addProduct3243inchitemToCart" time="32.433"/>
  <system-out/>
  <testcase classname="com.oleti.tests.CheckOutCart" name="filterProductWithScreenSize4455" time="18.196"/>
  <system-out/>
  <testcase classname="com.oleti.tests.CheckOutCart" name="searchProduct" time="4.036"/>
  <system-out/>
  <testcase classname="com.oleti.tests.CheckOutCart" name="filterProductWithScreenSize3243" time="17.473"/>
  <system-out/>
</testsuite> <!-- com.oleti.tests.CheckOutCart -->
