<?xml version="1.0" encoding="UTF-8"?>
<!-- Generated by org.testng.reporters.JUnitReportReporter -->
<testsuite hostname="DESKTOP-SP559S6" failures="0" tests="6" name="com.oleti.tests.CheckOutCart" time="123.502" errors="0" timestamp="2021-09-05T20:49:03 ICT" skipped="0">
  <testcase classname="com.oleti.tests.CheckOutCart" name="filterProductWithScreenSize4455" time="17.460"/>
  <system-out/>
  <testcase classname="com.oleti.tests.CheckOutCart" name="filterProductWithScreenSize3243" time="18.011"/>
  <system-out/>
  <testcase classname="com.oleti.tests.CheckOutCart" name="searchProduct" time="3.732"/>
  <system-out/>
  <testcase classname="com.oleti.tests.CheckOutCart" name="addProduct3243inchitemToCart" time="32.210"/>
  <system-out/>
  <testcase classname="com.oleti.tests.CheckOutCart" name="verifyItemsInCart" time="20.799"/>
  <system-out/>
  <testcase classname="com.oleti.tests.CheckOutCart" name="addProduct4455ScreenSizeToCart" time="31.290"/>
  <system-out/>
</testsuite> <!-- com.oleti.tests.CheckOutCart -->
